# JRE version: OpenJDK Runtime Environment (8.0_242-b01) (build 1.8.0_242-release-1644-b01)
# Java VM: OpenJDK 64-Bit Server VM (25.242-b01 mixed mode windows-amd64 compressed oops)
Heap:
 PSYoungGen      total 395776K, used 81160K [0x00000000d5580000, 0x00000000ef200000, 0x0000000100000000)
  eden space 369152K, 14% used [0x00000000d5580000,0x00000000d8ac78e0,0x00000000ebe00000)
  from space 26624K, 99% used [0x00000000ebe00000,0x00000000ed7fa918,0x00000000ed800000)
  to   space 14848K, 0% used [0x00000000ee380000,0x00000000ee380000,0x00000000ef200000)
 ParOldGen       total 109056K, used 57499K [0x0000000080000000, 0x0000000086a80000, 0x00000000d5580000)
  object space 109056K, 52% used [0x0000000080000000,0x0000000083826f88,0x0000000086a80000)
 Metaspace       used 83825K, capacity 87526K, committed 87720K, reserved 1124352K
  class space    used 11123K, capacity 11844K, committed 11952K, reserved 1048576K
GC Heap History (10 events):
Event: 25.751 GC heap before
{Heap before GC invocations=12 (full 2):
 PSYoungGen      total 238592K, used 62050K [0x00000000d5580000, 0x00000000ea580000, 0x0000000100000000)
  eden space 223744K, 21% used [0x00000000d5580000,0x00000000d839f060,0x00000000e3000000)
  from space 14848K, 99% used [0x00000000e3000000,0x00000000e3e79a08,0x00000000e3e80000)
  to   space 21504K, 0% used [0x00000000e9080000,0x00000000e9080000,0x00000000ea580000)
 ParOldGen       total 76288K, used 27670K [0x0000000080000000, 0x0000000084a80000, 0x00000000d5580000)
  object space 76288K, 36% used [0x0000000080000000,0x0000000081b05bc8,0x0000000084a80000)
 Metaspace       used 57002K, capacity 59016K, committed 59160K, reserved 1099776K
  class space    used 7808K, capacity 8287K, committed 8368K, reserved 1048576K
Event: 25.774 GC heap after
Heap after GC invocations=12 (full 2):
 PSYoungGen      total 311296K, used 17820K [0x00000000d5580000, 0x00000000ea200000, 0x0000000100000000)
  eden space 293376K, 0% used [0x00000000d5580000,0x00000000d5580000,0x00000000e7400000)
  from space 17920K, 99% used [0x00000000e9080000,0x00000000ea1e7220,0x00000000ea200000)
  to   space 23552K, 0% used [0x00000000e7400000,0x00000000e7400000,0x00000000e8b00000)
 ParOldGen       total 76288K, used 27678K [0x0000000080000000, 0x0000000084a80000, 0x00000000d5580000)
  object space 76288K, 36% used [0x0000000080000000,0x0000000081b07bc8,0x0000000084a80000)
 Metaspace       used 57002K, capacity 59016K, committed 59160K, reserved 1099776K
  class space    used 7808K, capacity 8287K, committed 8368K, reserved 1048576K
}
Event: 25.774 GC heap before
{Heap before GC invocations=13 (full 3):
 PSYoungGen      total 311296K, used 17820K [0x00000000d5580000, 0x00000000ea200000, 0x0000000100000000)
  eden space 293376K, 0% used [0x00000000d5580000,0x00000000d5580000,0x00000000e7400000)
  from space 17920K, 99% used [0x00000000e9080000,0x00000000ea1e7220,0x00000000ea200000)
  to   space 23552K, 0% used [0x00000000e7400000,0x00000000e7400000,0x00000000e8b00000)
 ParOldGen       total 76288K, used 27678K [0x0000000080000000, 0x0000000084a80000, 0x00000000d5580000)
  object space 76288K, 36% used [0x0000000080000000,0x0000000081b07bc8,0x0000000084a80000)
 Metaspace       used 57002K, capacity 59016K, committed 59160K, reserved 1099776K
  class space    used 7808K, capacity 8287K, committed 8368K, reserved 1048576K
Event: 25.981 GC heap after
Heap after GC invocations=13 (full 3):
 PSYoungGen      total 311296K, used 0K [0x00000000d5580000, 0x00000000ea200000, 0x0000000100000000)
  eden space 293376K, 0% used [0x00000000d5580000,0x00000000d5580000,0x00000000e7400000)
  from space 17920K, 0% used [0x00000000e9080000,0x00000000e9080000,0x00000000ea200000)
  to   space 23552K, 0% used [0x00000000e7400000,0x00000000e7400000,0x00000000e8b00000)
 ParOldGen       total 109056K, used 30307K [0x0000000080000000, 0x0000000086a80000, 0x00000000d5580000)
  object space 109056K, 27% used [0x0000000080000000,0x0000000081d98d50,0x0000000086a80000)
 Metaspace       used 56988K, capacity 58968K, committed 59160K, reserved 1099776K
  class space    used 7804K, capacity 8279K, committed 8368K, reserved 1048576K
}
Event: 50.761 GC heap before
{Heap before GC invocations=14 (full 3):
 PSYoungGen      total 311296K, used 293376K [0x00000000d5580000, 0x00000000ea200000, 0x0000000100000000)
  eden space 293376K, 100% used [0x00000000d5580000,0x00000000e7400000,0x00000000e7400000)
  from space 17920K, 0% used [0x00000000e9080000,0x00000000e9080000,0x00000000ea200000)
  to   space 23552K, 0% used [0x00000000e7400000,0x00000000e7400000,0x00000000e8b00000)
 ParOldGen       total 109056K, used 30307K [0x0000000080000000, 0x0000000086a80000, 0x00000000d5580000)
  object space 109056K, 27% used [0x0000000080000000,0x0000000081d98d50,0x0000000086a80000)
 Metaspace       used 67606K, capacity 70500K, committed 70696K, reserved 1110016K
  class space    used 9169K, capacity 9767K, committed 9776K, reserved 1048576K
Event: 50.786 GC heap after
Heap after GC invocations=14 (full 3):
 PSYoungGen      total 316928K, used 23540K [0x00000000d5580000, 0x00000000efe80000, 0x0000000100000000)
  eden space 293376K, 0% used [0x00000000d5580000,0x00000000d5580000,0x00000000e7400000)
  from space 23552K, 99% used [0x00000000e7400000,0x00000000e8afd130,0x00000000e8b00000)
  to   space 27648K, 0% used [0x00000000ee380000,0x00000000ee380000,0x00000000efe80000)
 ParOldGen       total 109056K, used 31863K [0x0000000080000000, 0x0000000086a80000, 0x00000000d5580000)
  object space 109056K, 29% used [0x0000000080000000,0x0000000081f1df88,0x0000000086a80000)
 Metaspace       used 67606K, capacity 70500K, committed 70696K, reserved 1110016K
  class space    used 9169K, capacity 9767K, committed 9776K, reserved 1048576K
}
Event: 71.613 GC heap before
{Heap before GC invocations=15 (full 3):
 PSYoungGen      total 316928K, used 316916K [0x00000000d5580000, 0x00000000efe80000, 0x0000000100000000)
  eden space 293376K, 100% used [0x00000000d5580000,0x00000000e7400000,0x00000000e7400000)
  from space 23552K, 99% used [0x00000000e7400000,0x00000000e8afd130,0x00000000e8b00000)
  to   space 27648K, 0% used [0x00000000ee380000,0x00000000ee380000,0x00000000efe80000)
 ParOldGen       total 109056K, used 31863K [0x0000000080000000, 0x0000000086a80000, 0x00000000d5580000)
  object space 109056K, 29% used [0x0000000080000000,0x0000000081f1df88,0x0000000086a80000)
 Metaspace       used 72823K, capacity 75852K, committed 75944K, reserved 1114112K
  class space    used 9733K, capacity 10363K, committed 10416K, reserved 1048576K
Event: 71.660 GC heap after
Heap after GC invocations=15 (full 3):
 PSYoungGen      total 384000K, used 9367K [0x00000000d5580000, 0x00000000ef200000, 0x0000000100000000)
  eden space 369152K, 0% used [0x00000000d5580000,0x00000000d5580000,0x00000000ebe00000)
  from space 14848K, 63% used [0x00000000ee380000,0x00000000eeca5f78,0x00000000ef200000)
  to   space 26624K, 0% used [0x00000000ebe00000,0x00000000ebe00000,0x00000000ed800000)
 ParOldGen       total 109056K, used 48131K [0x0000000080000000, 0x0000000086a80000, 0x00000000d5580000)
  object space 109056K, 44% used [0x0000000080000000,0x0000000082f00fc0,0x0000000086a80000)
 Metaspace       used 72823K, capacity 75852K, committed 75944K, reserved 1114112K
  class space    used 9733K, capacity 10363K, committed 10416K, reserved 1048576K
}
Event: 82.468 GC heap before
{Heap before GC invocations=16 (full 3):
 PSYoungGen      total 384000K, used 378519K [0x00000000d5580000, 0x00000000ef200000, 0x0000000100000000)
  eden space 369152K, 100% used [0x00000000d5580000,0x00000000ebe00000,0x00000000ebe00000)
  from space 14848K, 63% used [0x00000000ee380000,0x00000000eeca5f78,0x00000000ef200000)
  to   space 26624K, 0% used [0x00000000ebe00000,0x00000000ebe00000,0x00000000ed800000)
 ParOldGen       total 109056K, used 48131K [0x0000000080000000, 0x0000000086a80000, 0x00000000d5580000)
  object space 109056K, 44% used [0x0000000080000000,0x0000000082f00fc0,0x0000000086a80000)
 Metaspace       used 82931K, capacity 86604K, committed 86824K, reserved 1124352K
  class space    used 10985K, capacity 11709K, committed 11824K, reserved 1048576K
Event: 82.507 GC heap after
Heap after GC invocations=16 (full 3):
 PSYoungGen      total 395776K, used 26602K [0x00000000d5580000, 0x00000000ef200000, 0x0000000100000000)
  eden space 369152K, 0% used [0x00000000d5580000,0x00000000d5580000,0x00000000ebe00000)
  from space 26624K, 99% used [0x00000000ebe00000,0x00000000ed7fa918,0x00000000ed800000)
  to   space 14848K, 0% used [0x00000000ee380000,0x00000000ee380000,0x00000000ef200000)
 ParOldGen       total 109056K, used 57499K [0x0000000080000000, 0x0000000086a80000, 0x00000000d5580000)
  object space 109056K, 52% used [0x0000000080000000,0x0000000083826f88,0x0000000086a80000)
 Metaspace       used 82931K, capacity 86604K, committed 86824K, reserved 1124352K
  class space    used 10985K, capacity 11709K, committed 11824K, reserved 1048576K
}

