# JRE version: OpenJDK Runtime Environment (8.0_242-b01) (build 1.8.0_242-release-1644-b01)
# Java VM: OpenJDK 64-Bit Server VM (25.242-b01 mixed mode windows-amd64 compressed oops)
Heap:
 PSYoungGen      total 454656K, used 441167K [0x00000000d5580000, 0x00000000f3c80000, 0x0000000100000000)
  eden space 434176K, 98% used [0x00000000d5580000,0x00000000ef90c818,0x00000000efd80000)
  from space 20480K, 56% used [0x00000000f2880000,0x00000000f33c7450,0x00000000f3c80000)
  to   space 32256K, 0% used [0x00000000efd80000,0x00000000efd80000,0x00000000f1d00000)
 ParOldGen       total 98816K, used 76392K [0x0000000080000000, 0x0000000086080000, 0x00000000d5580000)
  object space 98816K, 77% used [0x0000000080000000,0x0000000084a9a118,0x0000000086080000)
 Metaspace       used 72976K, capacity 76824K, committed 76976K, reserved 1116160K
  class space    used 9926K, capacity 10661K, committed 10672K, reserved 1048576K
GC Heap History (10 events):
Event: 10.518 GC heap before
{Heap before GC invocations=13 (full 3):
 PSYoungGen      total 357376K, used 17140K [0x00000000d5580000, 0x00000000ecc80000, 0x0000000100000000)
  eden space 335360K, 0% used [0x00000000d5580000,0x00000000d5580000,0x00000000e9d00000)
  from space 22016K, 77% used [0x00000000eb400000,0x00000000ec4bd128,0x00000000ec980000)
  to   space 23552K, 0% used [0x00000000e9d00000,0x00000000e9d00000,0x00000000eb400000)
 ParOldGen       total 68096K, used 29564K [0x0000000080000000, 0x0000000084280000, 0x00000000d5580000)
  object space 68096K, 43% used [0x0000000080000000,0x0000000081cdf108,0x0000000084280000)
 Metaspace       used 57120K, capacity 59046K, committed 59160K, reserved 1099776K
  class space    used 7830K, capacity 8276K, committed 8368K, reserved 1048576K
Event: 10.776 GC heap after
Heap after GC invocations=13 (full 3):
 PSYoungGen      total 357376K, used 0K [0x00000000d5580000, 0x00000000ecc80000, 0x0000000100000000)
  eden space 335360K, 0% used [0x00000000d5580000,0x00000000d5580000,0x00000000e9d00000)
  from space 22016K, 0% used [0x00000000eb400000,0x00000000eb400000,0x00000000ec980000)
  to   space 23552K, 0% used [0x00000000e9d00000,0x00000000e9d00000,0x00000000eb400000)
 ParOldGen       total 98816K, used 29831K [0x0000000080000000, 0x0000000086080000, 0x00000000d5580000)
  object space 98816K, 30% used [0x0000000080000000,0x0000000081d21d08,0x0000000086080000)
 Metaspace       used 57108K, capacity 59004K, committed 59160K, reserved 1099776K
  class space    used 7827K, capacity 8269K, committed 8368K, reserved 1048576K
}
Event: 21.267 GC heap before
{Heap before GC invocations=14 (full 3):
 PSYoungGen      total 357376K, used 335360K [0x00000000d5580000, 0x00000000ecc80000, 0x0000000100000000)
  eden space 335360K, 100% used [0x00000000d5580000,0x00000000e9d00000,0x00000000e9d00000)
  from space 22016K, 0% used [0x00000000eb400000,0x00000000eb400000,0x00000000ec980000)
  to   space 23552K, 0% used [0x00000000e9d00000,0x00000000e9d00000,0x00000000eb400000)
 ParOldGen       total 98816K, used 29831K [0x0000000080000000, 0x0000000086080000, 0x00000000d5580000)
  object space 98816K, 30% used [0x0000000080000000,0x0000000081d21d08,0x0000000086080000)
 Metaspace       used 66155K, capacity 69170K, committed 69424K, reserved 1110016K
  class space    used 9082K, capacity 9716K, committed 9776K, reserved 1048576K
Event: 21.317 GC heap after
Heap after GC invocations=14 (full 3):
 PSYoungGen      total 358912K, used 23524K [0x00000000d5580000, 0x00000000f4980000, 0x0000000100000000)
  eden space 335360K, 0% used [0x00000000d5580000,0x00000000d5580000,0x00000000e9d00000)
  from space 23552K, 99% used [0x00000000e9d00000,0x00000000eb3f90b0,0x00000000eb400000)
  to   space 33792K, 0% used [0x00000000f2880000,0x00000000f2880000,0x00000000f4980000)
 ParOldGen       total 98816K, used 46925K [0x0000000080000000, 0x0000000086080000, 0x00000000d5580000)
  object space 98816K, 47% used [0x0000000080000000,0x0000000082dd3578,0x0000000086080000)
 Metaspace       used 66155K, capacity 69170K, committed 69424K, reserved 1110016K
  class space    used 9082K, capacity 9716K, committed 9776K, reserved 1048576K
}
Event: 25.541 GC heap before
{Heap before GC invocations=15 (full 3):
 PSYoungGen      total 358912K, used 358884K [0x00000000d5580000, 0x00000000f4980000, 0x0000000100000000)
  eden space 335360K, 100% used [0x00000000d5580000,0x00000000e9d00000,0x00000000e9d00000)
  from space 23552K, 99% used [0x00000000e9d00000,0x00000000eb3f90b0,0x00000000eb400000)
  to   space 33792K, 0% used [0x00000000f2880000,0x00000000f2880000,0x00000000f4980000)
 ParOldGen       total 98816K, used 46925K [0x0000000080000000, 0x0000000086080000, 0x00000000d5580000)
  object space 98816K, 47% used [0x0000000080000000,0x0000000082dd3578,0x0000000086080000)
 Metaspace       used 71365K, capacity 74762K, committed 75056K, reserved 1114112K
  class space    used 9735K, capacity 10420K, committed 10544K, reserved 1048576K
Event: 25.584 GC heap after
Heap after GC invocations=15 (full 3):
 PSYoungGen      total 454656K, used 8966K [0x00000000d5580000, 0x00000000f3c80000, 0x0000000100000000)
  eden space 434176K, 0% used [0x00000000d5580000,0x00000000d5580000,0x00000000efd80000)
  from space 20480K, 43% used [0x00000000f2880000,0x00000000f3141838,0x00000000f3c80000)
  to   space 32256K, 0% used [0x00000000efd80000,0x00000000efd80000,0x00000000f1d00000)
 ParOldGen       total 98816K, used 69952K [0x0000000080000000, 0x0000000086080000, 0x00000000d5580000)
  object space 98816K, 70% used [0x0000000080000000,0x00000000844503b0,0x0000000086080000)
 Metaspace       used 71365K, capacity 74762K, committed 75056K, reserved 1114112K
  class space    used 9735K, capacity 10420K, committed 10544K, reserved 1048576K
}
Event: 27.682 GC heap before
{Heap before GC invocations=16 (full 3):
 PSYoungGen      total 454656K, used 443142K [0x00000000d5580000, 0x00000000f3c80000, 0x0000000100000000)
  eden space 434176K, 100% used [0x00000000d5580000,0x00000000efd80000,0x00000000efd80000)
  from space 20480K, 43% used [0x00000000f2880000,0x00000000f3141838,0x00000000f3c80000)
  to   space 32256K, 0% used [0x00000000efd80000,0x00000000efd80000,0x00000000f1d00000)
 ParOldGen       total 98816K, used 69952K [0x0000000080000000, 0x0000000086080000, 0x00000000d5580000)
  object space 98816K, 70% used [0x0000000080000000,0x00000000844503b0,0x0000000086080000)
 Metaspace       used 71563K, capacity 75004K, committed 75312K, reserved 1114112K
  class space    used 9761K, capacity 10429K, committed 10544K, reserved 1048576K
Event: 27.718 GC heap after
Heap after GC invocations=16 (full 3):
 PSYoungGen      total 466432K, used 5808K [0x00000000d5580000, 0x00000000f3c80000, 0x0000000100000000)
  eden space 434176K, 0% used [0x00000000d5580000,0x00000000d5580000,0x00000000efd80000)
  from space 32256K, 18% used [0x00000000efd80000,0x00000000f032c010,0x00000000f1d00000)
  to   space 20480K, 0% used [0x00000000f2880000,0x00000000f2880000,0x00000000f3c80000)
 ParOldGen       total 98816K, used 76384K [0x0000000080000000, 0x0000000086080000, 0x00000000d5580000)
  object space 98816K, 77% used [0x0000000080000000,0x0000000084a98118,0x0000000086080000)
 Metaspace       used 71563K, capacity 75004K, committed 75312K, reserved 1114112K
  class space    used 9761K, capacity 10429K, committed 10544K, reserved 1048576K
}
Event: 29.637 GC heap before
{Heap before GC invocations=17 (full 3):
 PSYoungGen      total 466432K, used 439984K [0x00000000d5580000, 0x00000000f3c80000, 0x0000000100000000)
  eden space 434176K, 100% used [0x00000000d5580000,0x00000000efd80000,0x00000000efd80000)
  from space 32256K, 18% used [0x00000000efd80000,0x00000000f032c010,0x00000000f1d00000)
  to   space 20480K, 0% used [0x00000000f2880000,0x00000000f2880000,0x00000000f3c80000)
 ParOldGen       total 98816K, used 76384K [0x0000000080000000, 0x0000000086080000, 0x00000000d5580000)
  object space 98816K, 77% used [0x0000000080000000,0x0000000084a98118,0x0000000086080000)
 Metaspace       used 71629K, capacity 75072K, committed 75312K, reserved 1114112K
  class space    used 9764K, capacity 10429K, committed 10544K, reserved 1048576K
Event: 29.653 GC heap after
Heap after GC invocations=17 (full 3):
 PSYoungGen      total 454656K, used 11549K [0x00000000d5580000, 0x00000000f3c80000, 0x0000000100000000)
  eden space 434176K, 0% used [0x00000000d5580000,0x00000000d5580000,0x00000000efd80000)
  from space 20480K, 56% used [0x00000000f2880000,0x00000000f33c7450,0x00000000f3c80000)
  to   space 32256K, 0% used [0x00000000efd80000,0x00000000efd80000,0x00000000f1d00000)
 ParOldGen       total 98816K, used 76392K [0x0000000080000000, 0x0000000086080000, 0x00000000d5580000)
  object space 98816K, 77% used [0x0000000080000000,0x0000000084a9a118,0x0000000086080000)
 Metaspace       used 71629K, capacity 75072K, committed 75312K, reserved 1114112K
  class space    used 9764K, capacity 10429K, committed 10544K, reserved 1048576K
}

