# JRE version: OpenJDK Runtime Environment (8.0_242-b01) (build 1.8.0_242-release-1644-b01)
# Java VM: OpenJDK 64-Bit Server VM (25.242-b01 mixed mode windows-amd64 compressed oops)
Heap:
 PSYoungGen      total 453120K, used 304676K [0x00000000d5580000, 0x00000000f3580000, 0x0000000100000000)
  eden space 429056K, 65% used [0x00000000d5580000,0x00000000e68fd028,0x00000000ef880000)
  from space 24064K, 93% used [0x00000000f1e00000,0x00000000f340c170,0x00000000f3580000)
  to   space 31232K, 0% used [0x00000000ef880000,0x00000000ef880000,0x00000000f1700000)
 ParOldGen       total 100352K, used 69042K [0x0000000080000000, 0x0000000086200000, 0x00000000d5580000)
  object space 100352K, 68% used [0x0000000080000000,0x000000008436c9e8,0x0000000086200000)
 Metaspace       used 73865K, capacity 77958K, committed 78128K, reserved 1116160K
  class space    used 10027K, capacity 10778K, committed 10800K, reserved 1048576K
GC Heap History (10 events):
Event: 28.970 GC heap before
{Heap before GC invocations=23 (full 3):
 PSYoungGen      total 460288K, used 444885K [0x00000000d5580000, 0x00000000f3580000, 0x0000000100000000)
  eden space 429056K, 100% used [0x00000000d5580000,0x00000000ef880000,0x00000000ef880000)
  from space 31232K, 50% used [0x00000000ef880000,0x00000000f07f5760,0x00000000f1700000)
  to   space 24064K, 0% used [0x00000000f1e00000,0x00000000f1e00000,0x00000000f3580000)
 ParOldGen       total 100352K, used 69018K [0x0000000080000000, 0x0000000086200000, 0x00000000d5580000)
  object space 100352K, 68% used [0x0000000080000000,0x00000000843669e8,0x0000000086200000)
 Metaspace       used 73739K, capacity 77872K, committed 78128K, reserved 1116160K
  class space    used 10027K, capacity 10777K, committed 10800K, reserved 1048576K
Event: 28.988 GC heap after
Heap after GC invocations=23 (full 3):
 PSYoungGen      total 453120K, used 8324K [0x00000000d5580000, 0x00000000f3580000, 0x0000000100000000)
  eden space 429056K, 0% used [0x00000000d5580000,0x00000000d5580000,0x00000000ef880000)
  from space 24064K, 34% used [0x00000000f1e00000,0x00000000f26213e0,0x00000000f3580000)
  to   space 31232K, 0% used [0x00000000ef880000,0x00000000ef880000,0x00000000f1700000)
 ParOldGen       total 100352K, used 69026K [0x0000000080000000, 0x0000000086200000, 0x00000000d5580000)
  object space 100352K, 68% used [0x0000000080000000,0x00000000843689e8,0x0000000086200000)
 Metaspace       used 73739K, capacity 77872K, committed 78128K, reserved 1116160K
  class space    used 10027K, capacity 10777K, committed 10800K, reserved 1048576K
}
Event: 30.495 GC heap before
{Heap before GC invocations=24 (full 3):
 PSYoungGen      total 453120K, used 437380K [0x00000000d5580000, 0x00000000f3580000, 0x0000000100000000)
  eden space 429056K, 100% used [0x00000000d5580000,0x00000000ef880000,0x00000000ef880000)
  from space 24064K, 34% used [0x00000000f1e00000,0x00000000f26213e0,0x00000000f3580000)
  to   space 31232K, 0% used [0x00000000ef880000,0x00000000ef880000,0x00000000f1700000)
 ParOldGen       total 100352K, used 69026K [0x0000000080000000, 0x0000000086200000, 0x00000000d5580000)
  object space 100352K, 68% used [0x0000000080000000,0x00000000843689e8,0x0000000086200000)
 Metaspace       used 73777K, capacity 77880K, committed 78128K, reserved 1116160K
  class space    used 10027K, capacity 10777K, committed 10800K, reserved 1048576K
Event: 30.529 GC heap after
Heap after GC invocations=24 (full 3):
 PSYoungGen      total 460288K, used 17976K [0x00000000d5580000, 0x00000000f3580000, 0x0000000100000000)
  eden space 429056K, 0% used [0x00000000d5580000,0x00000000d5580000,0x00000000ef880000)
  from space 31232K, 57% used [0x00000000ef880000,0x00000000f0a0e3c0,0x00000000f1700000)
  to   space 24064K, 0% used [0x00000000f1e00000,0x00000000f1e00000,0x00000000f3580000)
 ParOldGen       total 100352K, used 69026K [0x0000000080000000, 0x0000000086200000, 0x00000000d5580000)
  object space 100352K, 68% used [0x0000000080000000,0x00000000843689e8,0x0000000086200000)
 Metaspace       used 73777K, capacity 77880K, committed 78128K, reserved 1116160K
  class space    used 10027K, capacity 10777K, committed 10800K, reserved 1048576K
}
Event: 32.247 GC heap before
{Heap before GC invocations=25 (full 3):
 PSYoungGen      total 460288K, used 447032K [0x00000000d5580000, 0x00000000f3580000, 0x0000000100000000)
  eden space 429056K, 100% used [0x00000000d5580000,0x00000000ef880000,0x00000000ef880000)
  from space 31232K, 57% used [0x00000000ef880000,0x00000000f0a0e3c0,0x00000000f1700000)
  to   space 24064K, 0% used [0x00000000f1e00000,0x00000000f1e00000,0x00000000f3580000)
 ParOldGen       total 100352K, used 69026K [0x0000000080000000, 0x0000000086200000, 0x00000000d5580000)
  object space 100352K, 68% used [0x0000000080000000,0x00000000843689e8,0x0000000086200000)
 Metaspace       used 73831K, capacity 77958K, committed 78128K, reserved 1116160K
  class space    used 10027K, capacity 10778K, committed 10800K, reserved 1048576K
Event: 32.279 GC heap after
Heap after GC invocations=25 (full 3):
 PSYoungGen      total 453120K, used 18537K [0x00000000d5580000, 0x00000000f3580000, 0x0000000100000000)
  eden space 429056K, 0% used [0x00000000d5580000,0x00000000d5580000,0x00000000ef880000)
  from space 24064K, 77% used [0x00000000f1e00000,0x00000000f301a618,0x00000000f3580000)
  to   space 31232K, 0% used [0x00000000ef880000,0x00000000ef880000,0x00000000f1700000)
 ParOldGen       total 100352K, used 69034K [0x0000000080000000, 0x0000000086200000, 0x00000000d5580000)
  object space 100352K, 68% used [0x0000000080000000,0x000000008436a9e8,0x0000000086200000)
 Metaspace       used 73831K, capacity 77958K, committed 78128K, reserved 1116160K
  class space    used 10027K, capacity 10778K, committed 10800K, reserved 1048576K
}
Event: 33.605 GC heap before
{Heap before GC invocations=26 (full 3):
 PSYoungGen      total 453120K, used 447593K [0x00000000d5580000, 0x00000000f3580000, 0x0000000100000000)
  eden space 429056K, 100% used [0x00000000d5580000,0x00000000ef880000,0x00000000ef880000)
  from space 24064K, 77% used [0x00000000f1e00000,0x00000000f301a618,0x00000000f3580000)
  to   space 31232K, 0% used [0x00000000ef880000,0x00000000ef880000,0x00000000f1700000)
 ParOldGen       total 100352K, used 69034K [0x0000000080000000, 0x0000000086200000, 0x00000000d5580000)
  object space 100352K, 68% used [0x0000000080000000,0x000000008436a9e8,0x0000000086200000)
 Metaspace       used 73844K, capacity 77958K, committed 78128K, reserved 1116160K
  class space    used 10027K, capacity 10778K, committed 10800K, reserved 1048576K
Event: 33.640 GC heap after
Heap after GC invocations=26 (full 3):
 PSYoungGen      total 460288K, used 22845K [0x00000000d5580000, 0x00000000f3580000, 0x0000000100000000)
  eden space 429056K, 0% used [0x00000000d5580000,0x00000000d5580000,0x00000000ef880000)
  from space 31232K, 73% used [0x00000000ef880000,0x00000000f0ecf4a0,0x00000000f1700000)
  to   space 24064K, 0% used [0x00000000f1e00000,0x00000000f1e00000,0x00000000f3580000)
 ParOldGen       total 100352K, used 69034K [0x0000000080000000, 0x0000000086200000, 0x00000000d5580000)
  object space 100352K, 68% used [0x0000000080000000,0x000000008436a9e8,0x0000000086200000)
 Metaspace       used 73844K, capacity 77958K, committed 78128K, reserved 1116160K
  class space    used 10027K, capacity 10778K, committed 10800K, reserved 1048576K
}
Event: 34.989 GC heap before
{Heap before GC invocations=27 (full 3):
 PSYoungGen      total 460288K, used 451901K [0x00000000d5580000, 0x00000000f3580000, 0x0000000100000000)
  eden space 429056K, 100% used [0x00000000d5580000,0x00000000ef880000,0x00000000ef880000)
  from space 31232K, 73% used [0x00000000ef880000,0x00000000f0ecf4a0,0x00000000f1700000)
  to   space 24064K, 0% used [0x00000000f1e00000,0x00000000f1e00000,0x00000000f3580000)
 ParOldGen       total 100352K, used 69034K [0x0000000080000000, 0x0000000086200000, 0x00000000d5580000)
  object space 100352K, 68% used [0x0000000080000000,0x000000008436a9e8,0x0000000086200000)
 Metaspace       used 73850K, capacity 77958K, committed 78128K, reserved 1116160K
  class space    used 10027K, capacity 10778K, committed 10800K, reserved 1048576K
Event: 35.030 GC heap after
Heap after GC invocations=27 (full 3):
 PSYoungGen      total 453120K, used 22576K [0x00000000d5580000, 0x00000000f3580000, 0x0000000100000000)
  eden space 429056K, 0% used [0x00000000d5580000,0x00000000d5580000,0x00000000ef880000)
  from space 24064K, 93% used [0x00000000f1e00000,0x00000000f340c170,0x00000000f3580000)
  to   space 31232K, 0% used [0x00000000ef880000,0x00000000ef880000,0x00000000f1700000)
 ParOldGen       total 100352K, used 69042K [0x0000000080000000, 0x0000000086200000, 0x00000000d5580000)
  object space 100352K, 68% used [0x0000000080000000,0x000000008436c9e8,0x0000000086200000)
 Metaspace       used 73850K, capacity 77958K, committed 78128K, reserved 1116160K
  class space    used 10027K, capacity 10778K, committed 10800K, reserved 1048576K
}

