# JRE version: OpenJDK Runtime Environment (8.0_242-b01) (build 1.8.0_242-release-1644-b01)
# Java VM: OpenJDK 64-Bit Server VM (25.242-b01 mixed mode windows-amd64 compressed oops)
Heap:
 PSYoungGen      total 481280K, used 383346K [0x00000000e0000000, 0x0000000100000000, 0x0000000100000000)
  eden space 444416K, 82% used [0x00000000e0000000,0x00000000f64dacf8,0x00000000fb200000)
  from space 36864K, 48% used [0x00000000fb200000,0x00000000fc381d60,0x00000000fd600000)
  to   space 35840K, 0% used [0x00000000fdd00000,0x00000000fdd00000,0x0000000100000000)
 ParOldGen       total 173056K, used 141472K [0x00000000a0000000, 0x00000000aa900000, 0x00000000e0000000)
  object space 173056K, 81% used [0x00000000a0000000,0x00000000a8a28130,0x00000000aa900000)
 Metaspace       used 81033K, capacity 84744K, committed 84912K, reserved 1122304K
  class space    used 10676K, capacity 11399K, committed 11440K, reserved 1048576K
GC Heap History (10 events):
Event: 136.172 GC heap before
{Heap before GC invocations=25 (full 4):
 PSYoungGen      total 472576K, used 435903K [0x00000000e0000000, 0x00000000ffc00000, 0x0000000100000000)
  eden space 431104K, 100% used [0x00000000e0000000,0x00000000fa500000,0x00000000fa500000)
  from space 41472K, 11% used [0x00000000fd380000,0x00000000fd82fd90,0x00000000ffc00000)
  to   space 44544K, 0% used [0x00000000fa500000,0x00000000fa500000,0x00000000fd080000)
 ParOldGen       total 173056K, used 106073K [0x00000000a0000000, 0x00000000aa900000, 0x00000000e0000000)
  object space 173056K, 61% used [0x00000000a0000000,0x00000000a6796768,0x00000000aa900000)
 Metaspace       used 80360K, capacity 84118K, committed 84400K, reserved 1122304K
  class space    used 10593K, capacity 11344K, committed 11440K, reserved 1048576K
Event: 136.188 GC heap after
Heap after GC invocations=25 (full 4):
 PSYoungGen      total 475648K, used 10997K [0x00000000e0000000, 0x00000000fff00000, 0x0000000100000000)
  eden space 431104K, 0% used [0x00000000e0000000,0x00000000e0000000,0x00000000fa500000)
  from space 44544K, 24% used [0x00000000fa500000,0x00000000fafbd638,0x00000000fd080000)
  to   space 42496K, 0% used [0x00000000fd580000,0x00000000fd580000,0x00000000fff00000)
 ParOldGen       total 173056K, used 106901K [0x00000000a0000000, 0x00000000aa900000, 0x00000000e0000000)
  object space 173056K, 61% used [0x00000000a0000000,0x00000000a6865760,0x00000000aa900000)
 Metaspace       used 80360K, capacity 84118K, committed 84400K, reserved 1122304K
  class space    used 10593K, capacity 11344K, committed 11440K, reserved 1048576K
}
Event: 137.524 GC heap before
{Heap before GC invocations=26 (full 4):
 PSYoungGen      total 475648K, used 442101K [0x00000000e0000000, 0x00000000fff00000, 0x0000000100000000)
  eden space 431104K, 100% used [0x00000000e0000000,0x00000000fa500000,0x00000000fa500000)
  from space 44544K, 24% used [0x00000000fa500000,0x00000000fafbd638,0x00000000fd080000)
  to   space 42496K, 0% used [0x00000000fd580000,0x00000000fd580000,0x00000000fff00000)
 ParOldGen       total 173056K, used 106901K [0x00000000a0000000, 0x00000000aa900000, 0x00000000e0000000)
  object space 173056K, 61% used [0x00000000a0000000,0x00000000a6865760,0x00000000aa900000)
 Metaspace       used 80380K, capacity 84118K, committed 84400K, reserved 1122304K
  class space    used 10593K, capacity 11344K, committed 11440K, reserved 1048576K
Event: 137.546 GC heap after
Heap after GC invocations=26 (full 4):
 PSYoungGen      total 474624K, used 16107K [0x00000000e0000000, 0x00000000ffa00000, 0x0000000100000000)
  eden space 437248K, 0% used [0x00000000e0000000,0x00000000e0000000,0x00000000fab00000)
  from space 37376K, 43% used [0x00000000fd580000,0x00000000fe53ac60,0x00000000ffa00000)
  to   space 40448K, 0% used [0x00000000fab00000,0x00000000fab00000,0x00000000fd280000)
 ParOldGen       total 173056K, used 115331K [0x00000000a0000000, 0x00000000aa900000, 0x00000000e0000000)
  object space 173056K, 66% used [0x00000000a0000000,0x00000000a70a0d88,0x00000000aa900000)
 Metaspace       used 80380K, capacity 84118K, committed 84400K, reserved 1122304K
  class space    used 10593K, capacity 11344K, committed 11440K, reserved 1048576K
}
Event: 138.496 GC heap before
{Heap before GC invocations=27 (full 4):
 PSYoungGen      total 474624K, used 453355K [0x00000000e0000000, 0x00000000ffa00000, 0x0000000100000000)
  eden space 437248K, 100% used [0x00000000e0000000,0x00000000fab00000,0x00000000fab00000)
  from space 37376K, 43% used [0x00000000fd580000,0x00000000fe53ac60,0x00000000ffa00000)
  to   space 40448K, 0% used [0x00000000fab00000,0x00000000fab00000,0x00000000fd280000)
 ParOldGen       total 173056K, used 115331K [0x00000000a0000000, 0x00000000aa900000, 0x00000000e0000000)
  object space 173056K, 66% used [0x00000000a0000000,0x00000000a70a0d88,0x00000000aa900000)
 Metaspace       used 80406K, capacity 84122K, committed 84400K, reserved 1122304K
  class space    used 10595K, capacity 11344K, committed 11440K, reserved 1048576K
Event: 138.521 GC heap after
Heap after GC invocations=27 (full 4):
 PSYoungGen      total 477696K, used 6723K [0x00000000e0000000, 0x0000000100000000, 0x0000000100000000)
  eden space 437248K, 0% used [0x00000000e0000000,0x00000000e0000000,0x00000000fab00000)
  from space 40448K, 16% used [0x00000000fab00000,0x00000000fb190ef0,0x00000000fd280000)
  to   space 39424K, 0% used [0x00000000fd980000,0x00000000fd980000,0x0000000100000000)
 ParOldGen       total 173056K, used 128575K [0x00000000a0000000, 0x00000000aa900000, 0x00000000e0000000)
  object space 173056K, 74% used [0x00000000a0000000,0x00000000a7d8fc08,0x00000000aa900000)
 Metaspace       used 80406K, capacity 84122K, committed 84400K, reserved 1122304K
  class space    used 10595K, capacity 11344K, committed 11440K, reserved 1048576K
}
Event: 139.484 GC heap before
{Heap before GC invocations=28 (full 4):
 PSYoungGen      total 477696K, used 443971K [0x00000000e0000000, 0x0000000100000000, 0x0000000100000000)
  eden space 437248K, 100% used [0x00000000e0000000,0x00000000fab00000,0x00000000fab00000)
  from space 40448K, 16% used [0x00000000fab00000,0x00000000fb190ef0,0x00000000fd280000)
  to   space 39424K, 0% used [0x00000000fd980000,0x00000000fd980000,0x0000000100000000)
 ParOldGen       total 173056K, used 128575K [0x00000000a0000000, 0x00000000aa900000, 0x00000000e0000000)
  object space 173056K, 74% used [0x00000000a0000000,0x00000000a7d8fc08,0x00000000aa900000)
 Metaspace       used 80421K, capacity 84122K, committed 84400K, reserved 1122304K
  class space    used 10595K, capacity 11344K, committed 11440K, reserved 1048576K
Event: 139.502 GC heap after
Heap after GC invocations=28 (full 4):
 PSYoungGen      total 477696K, used 13941K [0x00000000e0000000, 0x00000000ffa00000, 0x0000000100000000)
  eden space 444416K, 0% used [0x00000000e0000000,0x00000000e0000000,0x00000000fb200000)
  from space 33280K, 41% used [0x00000000fd980000,0x00000000fe71d448,0x00000000ffa00000)
  to   space 36864K, 0% used [0x00000000fb200000,0x00000000fb200000,0x00000000fd600000)
 ParOldGen       total 173056K, used 131128K [0x00000000a0000000, 0x00000000aa900000, 0x00000000e0000000)
  object space 173056K, 75% used [0x00000000a0000000,0x00000000a800e338,0x00000000aa900000)
 Metaspace       used 80421K, capacity 84122K, committed 84400K, reserved 1122304K
  class space    used 10595K, capacity 11344K, committed 11440K, reserved 1048576K
}
Event: 140.411 GC heap before
{Heap before GC invocations=29 (full 4):
 PSYoungGen      total 477696K, used 458357K [0x00000000e0000000, 0x00000000ffa00000, 0x0000000100000000)
  eden space 444416K, 100% used [0x00000000e0000000,0x00000000fb200000,0x00000000fb200000)
  from space 33280K, 41% used [0x00000000fd980000,0x00000000fe71d448,0x00000000ffa00000)
  to   space 36864K, 0% used [0x00000000fb200000,0x00000000fb200000,0x00000000fd600000)
 ParOldGen       total 173056K, used 131128K [0x00000000a0000000, 0x00000000aa900000, 0x00000000e0000000)
  object space 173056K, 75% used [0x00000000a0000000,0x00000000a800e338,0x00000000aa900000)
 Metaspace       used 80431K, capacity 84122K, committed 84400K, reserved 1122304K
  class space    used 10595K, capacity 11344K, committed 11440K, reserved 1048576K
Event: 140.441 GC heap after
Heap after GC invocations=29 (full 4):
 PSYoungGen      total 481280K, used 17927K [0x00000000e0000000, 0x0000000100000000, 0x0000000100000000)
  eden space 444416K, 0% used [0x00000000e0000000,0x00000000e0000000,0x00000000fb200000)
  from space 36864K, 48% used [0x00000000fb200000,0x00000000fc381d60,0x00000000fd600000)
  to   space 35840K, 0% used [0x00000000fdd00000,0x00000000fdd00000,0x0000000100000000)
 ParOldGen       total 173056K, used 141472K [0x00000000a0000000, 0x00000000aa900000, 0x00000000e0000000)
  object space 173056K, 81% used [0x00000000a0000000,0x00000000a8a28130,0x00000000aa900000)
 Metaspace       used 80431K, capacity 84122K, committed 84400K, reserved 1122304K
  class space    used 10595K, capacity 11344K, committed 11440K, reserved 1048576K
}

